<?xml version="1.0" encoding="UTF-8"?>
<!-- Generated by org.testng.reporters.JUnitXMLReporter -->
<testsuite ignored="2" hostname="DESKTOP-5HDMOT8" failures="0" tests="1" name="Test3" time="18.994" errors="0" timestamp="2023-01-12T17:03:57 IST">
  <testcase classname="seleniumgridPractice.GridPractice" name="testGoogleOnEdge" time="11.342"/>
  <testcase classname="seleniumgridPractice.GridPractice" name="testFacebookOnFirefox" time="0.0">
    <ignored/>
  </testcase> <!-- testFacebookOnFirefox -->
  <testcase classname="seleniumgridPractice.GridPractice" name="testOrangeHRMOnChrome" time="0.0">
    <ignored/>
  </testcase> <!-- testOrangeHRMOnChrome -->
</testsuite> <!-- Test3 -->
