<?xml version="1.0" encoding="UTF-8"?>
<!-- Generated by org.testng.reporters.JUnitXMLReporter -->
<testsuite ignored="2" hostname="DESKTOP-5HDMOT8" failures="0" tests="1" name="Test3" time="17.255" errors="0" timestamp="2023-03-28T18:35:35 IST">
  <testcase classname="seleniumgridPractice.GridPractice" name="testGoogleOnEdge" time="10.595"/>
  <testcase classname="seleniumgridPractice.GridPractice" name="testOrangeHRMOnChrome" time="0.0">
    <ignored/>
  </testcase> <!-- testOrangeHRMOnChrome -->
  <testcase classname="seleniumgridPractice.GridPractice" name="testFacebookOnFirefox" time="0.0">
    <ignored/>
  </testcase> <!-- testFacebookOnFirefox -->
</testsuite> <!-- Test3 -->
