<?xml version="1.0" encoding="UTF-8"?>
<!-- Generated by org.testng.reporters.JUnitXMLReporter -->
<testsuite ignored="2" hostname="DESKTOP-5HDMOT8" failures="0" tests="1" name="Test1" time="100.554" errors="0" timestamp="2022-11-23T13:06:38 IST">
  <testcase classname="kubernetes.SeleniumGridWithKubernetes" name="googleTestOnChrome" time="17.701"/>
  <testcase classname="kubernetes.SeleniumGridWithKubernetes" name="OrangeHRMTestOnFirefox" time="0.0">
    <ignored/>
  </testcase> <!-- OrangeHRMTestOnFirefox -->
  <testcase classname="kubernetes.SeleniumGridWithKubernetes" name="TestOnMicrosoftEdge" time="0.0">
    <ignored/>
  </testcase> <!-- TestOnMicrosoftEdge -->
</testsuite> <!-- Test1 -->
