<?xml version="1.0" encoding="UTF-8"?>
<!-- Generated by org.testng.reporters.JUnitXMLReporter -->
<testsuite ignored="2" hostname="DESKTOP-5HDMOT8" failures="0" tests="1" name="Test2" time="51.791" errors="0" timestamp="2023-01-11T11:42:25 IST">
  <testcase classname="kubernetes.SeleniumGridWithKubernetes" name="OrangeHRMTestOnFirefox" time="29.536"/>
  <testcase classname="kubernetes.SeleniumGridWithKubernetes" name="TestOnMicrosoftEdge" time="0.0">
    <ignored/>
  </testcase> <!-- TestOnMicrosoftEdge -->
  <testcase classname="kubernetes.SeleniumGridWithKubernetes" name="googleTestOnChrome" time="0.0">
    <ignored/>
  </testcase> <!-- googleTestOnChrome -->
</testsuite> <!-- Test2 -->
