<?xml version="1.0" encoding="UTF-8"?>
<!-- Generated by org.testng.reporters.JUnitXMLReporter -->
<testsuite ignored="2" hostname="DESKTOP-5HDMOT8" failures="0" tests="1" name="Test2" time="24.866" errors="0" timestamp="2023-01-12T17:04:03 IST">
  <testcase classname="seleniumgridPractice.GridPractice" name="testFacebookOnFirefox" time="3.578"/>
  <testcase classname="seleniumgridPractice.GridPractice" name="testOrangeHRMOnChrome" time="0.0">
    <ignored/>
  </testcase> <!-- testOrangeHRMOnChrome -->
  <testcase classname="seleniumgridPractice.GridPractice" name="testGoogleOnEdge" time="0.0">
    <ignored/>
  </testcase> <!-- testGoogleOnEdge -->
</testsuite> <!-- Test2 -->
