<?xml version="1.0" encoding="UTF-8"?>
<!-- Generated by org.testng.reporters.JUnitXMLReporter -->
<testsuite ignored="2" hostname="DESKTOP-5HDMOT8" failures="0" tests="1" name="LoginTest" time="15.53" errors="0" timestamp="2022-11-09T16:38:49 IST">
  <testcase classname="com.extentReportTest.TestClass" name="validateValidLogin" time="6.41"/>
  <testcase classname="com.extentReportTest.TestClass" name="validateJobTitle" time="0.0">
    <ignored/>
  </testcase> <!-- validateJobTitle -->
  <testcase classname="com.extentReportTest.TestClass" name="validateLogo" time="0.0">
    <ignored/>
  </testcase> <!-- validateLogo -->
</testsuite> <!-- LoginTest -->
