<?xml version="1.0" encoding="UTF-8"?>
<!-- Generated by org.testng.reporters.JUnitXMLReporter -->
<testsuite ignored="2" hostname="DESKTOP-5HDMOT8" failures="0" tests="1" name="LogoTest" time="9.344" errors="0" timestamp="2022-11-09T16:38:34 IST">
  <testcase classname="com.extentReportTest.TestClass" name="validateLogo" time="5.371"/>
  <testcase classname="com.extentReportTest.TestClass" name="validateValidLogin" time="0.0">
    <ignored/>
  </testcase> <!-- validateValidLogin -->
  <testcase classname="com.extentReportTest.TestClass" name="validateJobTitle" time="0.0">
    <ignored/>
  </testcase> <!-- validateJobTitle -->
</testsuite> <!-- LogoTest -->
