<?xml version="1.0" encoding="UTF-8"?>
<!-- Generated by org.testng.reporters.JUnitXMLReporter -->
<testsuite ignored="4" hostname="DESKTOP-5HDMOT8" failures="0" tests="3" name="Test" time="0.191" errors="0" timestamp="2022-11-09T16:33:34 IST">
  <testcase classname="com.extentReportTest.BaseTest" name="@BeforeTest setUp" time="0.011">
    <failure type="java.lang.NullPointerException" message="Cannot invoke &amp;quot;String.equals(Object)&amp;quot; because &amp;quot;browser&amp;quot; is null">
      <![CDATA[java.lang.NullPointerException: Cannot invoke "String.equals(Object)" because "browser" is null
at com.extentReportTest.BaseTest.setUp(BaseTest.java:54)
... Removed 22 stack frames]]>
    </failure>
  </testcase> <!-- @BeforeTest setUp -->
  <testcase classname="com.extentReportTest.BaseTest" name="@AfterMethod checkStatus" time="0.0">
    <skipped/>
  </testcase> <!-- @AfterMethod checkStatus -->
  <testcase classname="com.extentReportTest.BaseTest" name="@AfterMethod checkStatus" time="0.0">
    <skipped/>
  </testcase> <!-- @AfterMethod checkStatus -->
  <testcase classname="com.extentReportTest.BaseTest" name="@AfterMethod checkStatus" time="0.0">
    <skipped/>
  </testcase> <!-- @AfterMethod checkStatus -->
  <testcase classname="com.extentReportTest.BaseTest" name="@AfterTest TearDown" time="0.0">
    <skipped/>
  </testcase> <!-- @AfterTest TearDown -->
  <testcase classname="com.extentReportTest.TestClass" name="validateJobTitle" time="0.001">
    <skipped/>
  </testcase> <!-- validateJobTitle -->
  <testcase classname="com.extentReportTest.TestClass" name="validateLogo" time="0.001">
    <skipped/>
  </testcase> <!-- validateLogo -->
  <testcase classname="com.extentReportTest.TestClass" name="validateValidLogin" time="0.0">
    <skipped/>
  </testcase> <!-- validateValidLogin -->
  <testcase classname="com.extentReportTest.BaseTest" name="@BeforeTest setUp" time="0.0">
    <ignored/>
  </testcase> <!-- @BeforeTest setUp -->
  <testcase classname="com.extentReportTest.BaseTest" name="@AfterSuite generateReport" time="0.0">
    <ignored/>
  </testcase> <!-- @AfterSuite generateReport -->
  <testcase classname="com.extentReportTest.BaseTest" name="@BeforeSuite generateExtentreport" time="0.0">
    <ignored/>
  </testcase> <!-- @BeforeSuite generateExtentreport -->
  <testcase classname="com.extentReportTest.BaseTest" name="@AfterTest TearDown" time="0.0">
    <ignored/>
  </testcase> <!-- @AfterTest TearDown -->
</testsuite> <!-- Test -->
