<?xml version="1.0" encoding="UTF-8"?>
<!-- Generated by org.testng.reporters.JUnitXMLReporter -->
<testsuite ignored="0" hostname="DESKTOP-5HDMOT8" failures="0" tests="4" name="Test3" time="0.029" errors="0" timestamp="2022-11-15T16:32:48 IST">
  <testcase classname="parallelTest.TestClass3" name="testMethod10" time="0.002"/>
  <testcase classname="parallelTest.TestClass3" name="testMethod11" time="0.002"/>
  <testcase classname="parallelTest.TestClass3" name="testMethod8" time="0.005"/>
  <testcase classname="parallelTest.TestClass3" name="testMethod9" time="0.003"/>
</testsuite> <!-- Test3 -->
