<?xml version="1.0" encoding="UTF-8"?>
<!-- Generated by org.testng.reporters.JUnitXMLReporter -->
<testsuite ignored="0" hostname="DESKTOP-5HDMOT8" failures="0" tests="4" name="Test1" time="0.142" errors="0" timestamp="2022-11-15T16:32:48 IST">
  <testcase classname="parallelTest.TestClass1" name="testMethod1" time="0.026"/>
  <testcase classname="parallelTest.TestClass1" name="testMethod2" time="0.004"/>
  <testcase classname="parallelTest.TestClass1" name="testMethod3" time="0.006"/>
  <testcase classname="parallelTest.TestClass1" name="testMethod4" time="0.004"/>
</testsuite> <!-- Test1 -->
