<?xml version="1.0" encoding="UTF-8"?>
<testng-results ignored="0" total="1" passed="1" failed="0" skipped="0">
  <reporter-output>
  </reporter-output>
  <suite started-at="2022-09-12T17:39:59 IST" name="login.Test1" finished-at="2022-09-12T17:39:59 IST" duration-ms="70">
    <groups>
    </groups>
    <test started-at="2022-09-12T17:39:59 IST" name="Command line test" finished-at="2022-09-12T17:39:59 IST" duration-ms="70">
      <class name="login.Test1">
        <test-method signature="test()[pri:0, instance:login.Test1@4ae3c1cd]" started-at="2022-09-12T17:39:59 IST" name="test" finished-at="2022-09-12T17:39:59 IST" duration-ms="8" status="PASS">
          <reporter-output>
          </reporter-output>
        </test-method> <!-- test -->
      </class> <!-- login.Test1 -->
    </test> <!-- Command line test -->
  </suite> <!-- login.Test1 -->
</testng-results>
