<?xml version="1.0" encoding="UTF-8"?>
<testng-results ignored="6" total="9" passed="3" failed="0" skipped="0">
  <reporter-output>
  </reporter-output>
  <suite started-at="2023-03-28T18:35:18 IST" name="GridSuite" finished-at="2023-03-28T18:35:39 IST" duration-ms="21462">
    <groups>
    </groups>
    <test started-at="2023-03-28T18:35:18 IST" name="Test1" finished-at="2023-03-28T18:35:35 IST" duration-ms="17052">
      <class name="seleniumgridPractice.GridPractice">
        <test-method is-config="true" signature="setUp(java.lang.String)[pri:0, instance:seleniumgridPractice.GridPractice@31304f14]" started-at="2023-03-28T18:35:18 IST" name="setUp" finished-at="2023-03-28T18:35:22 IST" duration-ms="4277" status="PASS">
          <params>
            <param index="0">
              <value>
                <![CDATA[chrome]]>
              </value>
            </param>
          </params>
          <reporter-output>
          </reporter-output>
        </test-method> <!-- setUp -->
        <test-method signature="testOrangeHRMOnChrome()[pri:0, instance:seleniumgridPractice.GridPractice@31304f14]" started-at="2023-03-28T18:35:22 IST" name="testOrangeHRMOnChrome" finished-at="2023-03-28T18:35:33 IST" duration-ms="11052" status="PASS">
          <reporter-output>
          </reporter-output>
        </test-method> <!-- testOrangeHRMOnChrome -->
        <test-method is-config="true" signature="tearDown()[pri:0, instance:seleniumgridPractice.GridPractice@31304f14]" started-at="2023-03-28T18:35:33 IST" name="tearDown" finished-at="2023-03-28T18:35:35 IST" duration-ms="1632" status="PASS">
          <reporter-output>
          </reporter-output>
        </test-method> <!-- tearDown -->
      </class> <!-- seleniumgridPractice.GridPractice -->
    </test> <!-- Test1 -->
    <test started-at="2023-03-28T18:35:18 IST" name="Test3" finished-at="2023-03-28T18:35:35 IST" duration-ms="17255">
      <class name="seleniumgridPractice.GridPractice">
        <test-method is-config="true" signature="setUp(java.lang.String)[pri:0, instance:seleniumgridPractice.GridPractice@43bc63a3]" started-at="2023-03-28T18:35:18 IST" name="setUp" finished-at="2023-03-28T18:35:24 IST" duration-ms="5767" status="PASS">
          <params>
            <param index="0">
              <value>
                <![CDATA[MicrosoftEdge]]>
              </value>
            </param>
          </params>
          <reporter-output>
          </reporter-output>
        </test-method> <!-- setUp -->
        <test-method signature="testGoogleOnEdge()[pri:0, instance:seleniumgridPractice.GridPractice@43bc63a3]" started-at="2023-03-28T18:35:24 IST" name="testGoogleOnEdge" finished-at="2023-03-28T18:35:34 IST" duration-ms="10595" status="PASS">
          <reporter-output>
          </reporter-output>
        </test-method> <!-- testGoogleOnEdge -->
        <test-method is-config="true" signature="tearDown()[pri:0, instance:seleniumgridPractice.GridPractice@43bc63a3]" started-at="2023-03-28T18:35:34 IST" name="tearDown" finished-at="2023-03-28T18:35:35 IST" duration-ms="863" status="PASS">
          <reporter-output>
          </reporter-output>
        </test-method> <!-- tearDown -->
      </class> <!-- seleniumgridPractice.GridPractice -->
    </test> <!-- Test3 -->
    <test started-at="2023-03-28T18:35:18 IST" name="Test2" finished-at="2023-03-28T18:35:39 IST" duration-ms="21461">
      <class name="seleniumgridPractice.GridPractice">
        <test-method is-config="true" signature="setUp(java.lang.String)[pri:0, instance:seleniumgridPractice.GridPractice@3c41ed1d]" started-at="2023-03-28T18:35:18 IST" name="setUp" finished-at="2023-03-28T18:35:34 IST" duration-ms="16260" status="PASS">
          <params>
            <param index="0">
              <value>
                <![CDATA[firefox]]>
              </value>
            </param>
          </params>
          <reporter-output>
          </reporter-output>
        </test-method> <!-- setUp -->
        <test-method signature="testFacebookOnFirefox()[pri:0, instance:seleniumgridPractice.GridPractice@3c41ed1d]" started-at="2023-03-28T18:35:34 IST" name="testFacebookOnFirefox" finished-at="2023-03-28T18:35:37 IST" duration-ms="2839" status="PASS">
          <reporter-output>
          </reporter-output>
        </test-method> <!-- testFacebookOnFirefox -->
        <test-method is-config="true" signature="tearDown()[pri:0, instance:seleniumgridPractice.GridPractice@3c41ed1d]" started-at="2023-03-28T18:35:37 IST" name="tearDown" finished-at="2023-03-28T18:35:39 IST" duration-ms="2331" status="PASS">
          <reporter-output>
          </reporter-output>
        </test-method> <!-- tearDown -->
      </class> <!-- seleniumgridPractice.GridPractice -->
    </test> <!-- Test2 -->
  </suite> <!-- GridSuite -->
</testng-results>
