<?xml version="1.0" encoding="UTF-8"?>
<testng-results ignored="6" total="9" passed="3" failed="0" skipped="0">
  <reporter-output>
  </reporter-output>
  <suite started-at="2022-11-23T13:04:57 IST" name="GridSuite" finished-at="2022-11-23T13:06:38 IST" duration-ms="100554">
    <groups>
    </groups>
    <test started-at="2022-11-23T13:04:57 IST" name="Test2" finished-at="2022-11-23T13:06:03 IST" duration-ms="65386">
      <class name="kubernetes.SeleniumGridWithKubernetes">
        <test-method is-config="true" signature="setUp(java.lang.String)[pri:0, instance:kubernetes.SeleniumGridWithKubernetes@22555ebf]" started-at="2022-11-23T13:04:57 IST" name="setUp" finished-at="2022-11-23T13:05:36 IST" duration-ms="38701" status="PASS">
          <params>
            <param index="0">
              <value>
                <![CDATA[firefox]]>
              </value>
            </param>
          </params>
          <reporter-output>
          </reporter-output>
        </test-method> <!-- setUp -->
        <test-method signature="OrangeHRMTestOnFirefox()[pri:0, instance:kubernetes.SeleniumGridWithKubernetes@22555ebf]" started-at="2022-11-23T13:05:36 IST" name="OrangeHRMTestOnFirefox" finished-at="2022-11-23T13:05:55 IST" duration-ms="18948" status="PASS">
          <reporter-output>
          </reporter-output>
        </test-method> <!-- OrangeHRMTestOnFirefox -->
        <test-method is-config="true" signature="tearDown()[pri:0, instance:kubernetes.SeleniumGridWithKubernetes@22555ebf]" started-at="2022-11-23T13:05:55 IST" name="tearDown" finished-at="2022-11-23T13:06:03 IST" duration-ms="7632" status="PASS">
          <reporter-output>
          </reporter-output>
        </test-method> <!-- tearDown -->
      </class> <!-- kubernetes.SeleniumGridWithKubernetes -->
    </test> <!-- Test2 -->
    <test started-at="2022-11-23T13:04:57 IST" name="Test3" finished-at="2022-11-23T13:06:04 IST" duration-ms="66429">
      <class name="kubernetes.SeleniumGridWithKubernetes">
        <test-method is-config="true" signature="setUp(java.lang.String)[pri:0, instance:kubernetes.SeleniumGridWithKubernetes@54d9d12d]" started-at="2022-11-23T13:04:57 IST" name="setUp" finished-at="2022-11-23T13:05:47 IST" duration-ms="49782" status="PASS">
          <params>
            <param index="0">
              <value>
                <![CDATA[MicrosoftEdge]]>
              </value>
            </param>
          </params>
          <reporter-output>
          </reporter-output>
        </test-method> <!-- setUp -->
        <test-method signature="TestOnMicrosoftEdge()[pri:0, instance:kubernetes.SeleniumGridWithKubernetes@54d9d12d]" started-at="2022-11-23T13:05:47 IST" name="TestOnMicrosoftEdge" finished-at="2022-11-23T13:06:03 IST" duration-ms="15897" status="PASS">
          <reporter-output>
          </reporter-output>
        </test-method> <!-- TestOnMicrosoftEdge -->
        <test-method is-config="true" signature="tearDown()[pri:0, instance:kubernetes.SeleniumGridWithKubernetes@54d9d12d]" started-at="2022-11-23T13:06:03 IST" name="tearDown" finished-at="2022-11-23T13:06:04 IST" duration-ms="626" status="PASS">
          <reporter-output>
          </reporter-output>
        </test-method> <!-- tearDown -->
      </class> <!-- kubernetes.SeleniumGridWithKubernetes -->
    </test> <!-- Test3 -->
    <test started-at="2022-11-23T13:04:57 IST" name="Test1" finished-at="2022-11-23T13:06:38 IST" duration-ms="100554">
      <class name="kubernetes.SeleniumGridWithKubernetes">
        <test-method is-config="true" signature="setUp(java.lang.String)[pri:0, instance:kubernetes.SeleniumGridWithKubernetes@313ac989]" started-at="2022-11-23T13:04:57 IST" name="setUp" finished-at="2022-11-23T13:06:19 IST" duration-ms="82172" status="PASS">
          <params>
            <param index="0">
              <value>
                <![CDATA[chrome]]>
              </value>
            </param>
          </params>
          <reporter-output>
          </reporter-output>
        </test-method> <!-- setUp -->
        <test-method signature="googleTestOnChrome()[pri:0, instance:kubernetes.SeleniumGridWithKubernetes@313ac989]" started-at="2022-11-23T13:06:19 IST" name="googleTestOnChrome" finished-at="2022-11-23T13:06:37 IST" duration-ms="17701" status="PASS">
          <reporter-output>
          </reporter-output>
        </test-method> <!-- googleTestOnChrome -->
        <test-method is-config="true" signature="tearDown()[pri:0, instance:kubernetes.SeleniumGridWithKubernetes@313ac989]" started-at="2022-11-23T13:06:37 IST" name="tearDown" finished-at="2022-11-23T13:06:38 IST" duration-ms="570" status="PASS">
          <reporter-output>
          </reporter-output>
        </test-method> <!-- tearDown -->
      </class> <!-- kubernetes.SeleniumGridWithKubernetes -->
    </test> <!-- Test1 -->
  </suite> <!-- GridSuite -->
</testng-results>
