<?xml version="1.0" encoding="UTF-8"?>
<testng-results ignored="6" total="9" passed="3" failed="0" skipped="0">
  <reporter-output>
    <line>
      <![CDATA[Chrome test pass]]>
    </line>
    <line>
      <![CDATA[Firefox test pass]]>
    </line>
  </reporter-output>
  <suite started-at="2023-01-11T11:41:33 IST" name="GridSuite" finished-at="2023-01-11T11:42:25 IST" duration-ms="51792">
    <groups>
    </groups>
    <test started-at="2023-01-11T11:41:33 IST" name="Test3" finished-at="2023-01-11T11:42:11 IST" duration-ms="37832">
      <class name="kubernetes.SeleniumGridWithKubernetes">
        <test-method is-config="true" signature="setUp(java.lang.String)[pri:0, instance:kubernetes.SeleniumGridWithKubernetes@3c41ed1d]" started-at="2023-01-11T11:41:33 IST" name="setUp" finished-at="2023-01-11T11:41:56 IST" duration-ms="22608" status="PASS">
          <params>
            <param index="0">
              <value>
                <![CDATA[MicrosoftEdge]]>
              </value>
            </param>
          </params>
          <reporter-output>
          </reporter-output>
        </test-method> <!-- setUp -->
        <test-method signature="TestOnMicrosoftEdge()[pri:0, instance:kubernetes.SeleniumGridWithKubernetes@3c41ed1d]" started-at="2023-01-11T11:41:56 IST" name="TestOnMicrosoftEdge" finished-at="2023-01-11T11:42:10 IST" duration-ms="14592" status="PASS">
          <reporter-output>
          </reporter-output>
        </test-method> <!-- TestOnMicrosoftEdge -->
        <test-method is-config="true" signature="tearDown()[pri:0, instance:kubernetes.SeleniumGridWithKubernetes@3c41ed1d]" started-at="2023-01-11T11:42:10 IST" name="tearDown" finished-at="2023-01-11T11:42:11 IST" duration-ms="577" status="PASS">
          <reporter-output>
          </reporter-output>
        </test-method> <!-- tearDown -->
      </class> <!-- kubernetes.SeleniumGridWithKubernetes -->
    </test> <!-- Test3 -->
    <test started-at="2023-01-11T11:41:33 IST" name="Test1" finished-at="2023-01-11T11:42:20 IST" duration-ms="46615">
      <class name="kubernetes.SeleniumGridWithKubernetes">
        <test-method is-config="true" signature="setUp(java.lang.String)[pri:0, instance:kubernetes.SeleniumGridWithKubernetes@3023df74]" started-at="2023-01-11T11:41:33 IST" name="setUp" finished-at="2023-01-11T11:42:01 IST" duration-ms="28213" status="PASS">
          <params>
            <param index="0">
              <value>
                <![CDATA[chrome]]>
              </value>
            </param>
          </params>
          <reporter-output>
          </reporter-output>
        </test-method> <!-- setUp -->
        <test-method signature="googleTestOnChrome()[pri:0, instance:kubernetes.SeleniumGridWithKubernetes@3023df74]" started-at="2023-01-11T11:42:01 IST" name="googleTestOnChrome" finished-at="2023-01-11T11:42:19 IST" duration-ms="17862" status="PASS">
          <reporter-output>
            <line>
              <![CDATA[Chrome test pass]]>
            </line>
          </reporter-output>
        </test-method> <!-- googleTestOnChrome -->
        <test-method is-config="true" signature="tearDown()[pri:0, instance:kubernetes.SeleniumGridWithKubernetes@3023df74]" started-at="2023-01-11T11:42:19 IST" name="tearDown" finished-at="2023-01-11T11:42:20 IST" duration-ms="494" status="PASS">
          <reporter-output>
          </reporter-output>
        </test-method> <!-- tearDown -->
      </class> <!-- kubernetes.SeleniumGridWithKubernetes -->
    </test> <!-- Test1 -->
    <test started-at="2023-01-11T11:41:33 IST" name="Test2" finished-at="2023-01-11T11:42:25 IST" duration-ms="51791">
      <class name="kubernetes.SeleniumGridWithKubernetes">
        <test-method is-config="true" signature="setUp(java.lang.String)[pri:0, instance:kubernetes.SeleniumGridWithKubernetes@292b08d6]" started-at="2023-01-11T11:41:33 IST" name="setUp" finished-at="2023-01-11T11:41:51 IST" duration-ms="17515" status="PASS">
          <params>
            <param index="0">
              <value>
                <![CDATA[firefox]]>
              </value>
            </param>
          </params>
          <reporter-output>
          </reporter-output>
        </test-method> <!-- setUp -->
        <test-method signature="OrangeHRMTestOnFirefox()[pri:0, instance:kubernetes.SeleniumGridWithKubernetes@292b08d6]" started-at="2023-01-11T11:41:51 IST" name="OrangeHRMTestOnFirefox" finished-at="2023-01-11T11:42:20 IST" duration-ms="29536" status="PASS">
          <reporter-output>
            <line>
              <![CDATA[Firefox test pass]]>
            </line>
          </reporter-output>
        </test-method> <!-- OrangeHRMTestOnFirefox -->
        <test-method is-config="true" signature="tearDown()[pri:0, instance:kubernetes.SeleniumGridWithKubernetes@292b08d6]" started-at="2023-01-11T11:42:20 IST" name="tearDown" finished-at="2023-01-11T11:42:25 IST" duration-ms="4659" status="PASS">
          <reporter-output>
          </reporter-output>
        </test-method> <!-- tearDown -->
      </class> <!-- kubernetes.SeleniumGridWithKubernetes -->
    </test> <!-- Test2 -->
  </suite> <!-- GridSuite -->
</testng-results>
